<?xml version="1.0" encoding="UTF-8"?>
<!-- Generated by org.testng.reporters.JUnitReportReporter -->
<testsuite hostname="Active34" failures="0" tests="1" name="Basicflow.launchbrowser" time="10.725" errors="0" timestamp="2025-02-13T11:27:34 IST" skipped="0">
  <testcase classname="Basicflow.launchbrowser" name="browselaunch" time="10.725"/>
</testsuite> <!-- Basicflow.launchbrowser -->
